
> tasks@0.1.0 build
> next build

   ▲ Next.js 15.4.8
   - Environments: .env.local

   Creating an optimized production build ...
 ✓ Compiled successfully in 2000ms
   Linting and checking validity of types ...

Failed to compile.

./src/app/(main)/gantt/page.tsx
142:52  Error: Unexpected any. Specify a different type.  @typescript-eslint/no-explicit-any

./src/app/(main)/projects/page.tsx
4:8  Warning: 'Link' is defined but never used.  @typescript-eslint/no-unused-vars
5:8  Warning: 'Image' is defined but never used.  @typescript-eslint/no-unused-vars

./src/app/(main)/settings/page.tsx
3:10  Warning: 'useTheme' is defined but never used.  @typescript-eslint/no-unused-vars
3:20  Warning: 'THEME_PALETTES' is defined but never used.  @typescript-eslint/no-unused-vars
3:36  Warning: 'ThemeId' is defined but never used.  @typescript-eslint/no-unused-vars

./src/components/Gantt/GanttChart.tsx
292:13  Error: 'minDate' is never reassigned. Use 'const' instead.  prefer-const
300:19  Warning: 'minTaskStart' is assigned a value but never used.  @typescript-eslint/no-unused-vars

./src/components/SideMenu/SideMenu.tsx
11:22  Warning: 'Profile' is defined but never used.  @typescript-eslint/no-unused-vars
39:20  Warning: 'setProfile' is assigned a value but never used.  @typescript-eslint/no-unused-vars

./src/types.ts
1:10  Warning: 'UUID' is defined but never used.  @typescript-eslint/no-unused-vars

info  - Need to disable some ESLint rules? Learn more here: https://nextjs.org/docs/app/api-reference/config/eslint#disabling-rules
